0001_0014_0027_0064_0064.jpg 1 14 27 64 64
0002_0043_0040_0043_0043.jpg 1 43 40 43 43
0003_0040_0009_0033_0033.jpg 1 40 9 33 33
0004_0025_0010_0042_0042.jpg 1 25 10 42 42
0005_0025_0014_0043_0043.jpg 1 25 14 43 43
0006_0047_0061_0025_0025.jpg 1 47 61 25 25
0007_0038_0030_0054_0054.jpg 1 38 30 54 54
0008_0020_0013_0065_0065.jpg 1 20 13 65 65
0009_0015_0048_0042_0042.jpg 1 15 48 42 42
0010_0034_0018_0059_0059.jpg 1 34 18 59 59
0011_0018_0005_0057_0057.jpg 1 18 5 57 57
0012_0019_0040_0049_0049.jpg 1 19 40 49 49
0013_0020_0038_0041_0041.jpg 1 20 38 41 41
0014_0034_0029_0058_0058.jpg 1 34 29 58 58
0015_0013_0024_0054_0054.jpg 1 13 24 54 54
0016_0017_0012_0069_0069.jpg 1 17 12 69 69
0017_0031_0005_0062_0062.jpg 1 31 5 62 62
0018_0010_0008_0055_0055.jpg 1 10 8 55 55
0019_0045_0041_0040_0040.jpg 1 45 41 40 40
0020_0013_0039_0040_0040.jpg 1 13 39 40 40
0021_0040_0007_0052_0052.jpg 1 40 7 52 52
0022_0028_0036_0055_0055.jpg 1 28 36 55 55
0023_0012_0023_0067_0067.jpg 1 12 23 67 67
0024_0006_0008_0034_0034.jpg 1 6 8 34 34
0025_0037_0006_0041_0041.jpg 1 37 6 41 41
0026_0019_0051_0024_0024.jpg 1 19 51 24 24
0027_0043_0011_0029_0029.jpg 1 43 11 29 29
0028_0027_0026_0065_0065.jpg 1 27 26 65 65
0029_0004_0020_0059_0059.jpg 1 4 20 59 59
0030_0030_0007_0065_0065.jpg 1 30 7 65 65
0031_0021_0009_0058_0058.jpg 1 21 9 58 58
0032_0027_0026_0052_0052.jpg 1 27 26 52 52
0033_0033_0017_0025_0025.jpg 1 33 17 25 25
0034_0033_0041_0053_0053.jpg 1 33 41 53 53
0035_0012_0019_0027_0027.jpg 1 12 19 27 27
0036_0030_0042_0042_0042.jpg 1 30 42 42 42
0037_0023_0025_0040_0040.jpg 1 23 25 40 40
0038_0042_0063_0025_0025.jpg 1 42 63 25 25
0039_0044_0026_0046_0046.jpg 1 44 26 46 46
0040_0012_0006_0053_0053.jpg 1 12 6 53 53
0041_0048_0016_0032_0032.jpg 1 48 16 32 32
0042_0021_0024_0061_0061.jpg 1 21 24 61 61
0043_0026_0017_0066_0066.jpg 1 26 17 66 66
0044_0012_0028_0057_0057.jpg 1 12 28 57 57
0045_0014_0030_0065_0065.jpg 1 14 30 65 65
0046_0038_0033_0049_0049.jpg 1 38 33 49 49
0047_0041_0037_0050_0050.jpg 1 41 37 50 50
0048_0041_0046_0030_0030.jpg 1 41 46 30 30
0049_0017_0011_0037_0037.jpg 1 17 11 37 37
0050_0010_0035_0059_0059.jpg 1 10 35 59 59
0051_0030_0049_0034_0034.jpg 1 30 49 34 34
0052_0022_0025_0066_0066.jpg 1 22 25 66 66
0053_0035_0022_0027_0027.jpg 1 35 22 27 27
0054_0040_0041_0044_0044.jpg 1 40 41 44 44
0055_0027_0005_0063_0063.jpg 1 27 5 63 63
0056_0020_0028_0055_0055.jpg 1 20 28 55 55
0057_0038_0038_0042_0042.jpg 1 38 38 42 42
0058_0009_0013_0057_0057.jpg 1 9 13 57 57
0059_0055_0056_0031_0031.jpg 1 55 56 31 31
0060_0044_0041_0048_0048.jpg 1 44 41 48 48
0061_0019_0016_0060_0060.jpg 1 19 16 60 60
0062_0026_0010_0040_0040.jpg 1 26 10 40 40
0063_0014_0026_0067_0067.jpg 1 14 26 67 67
0064_0041_0013_0045_0045.jpg 1 41 13 45 45
0065_0026_0032_0033_0033.jpg 1 26 32 33 33
0066_0026_0011_0037_0037.jpg 1 26 11 37 37
0067_0051_0009_0040_0040.jpg 1 51 9 40 40
0068_0018_0005_0056_0056.jpg 1 18 5 56 56
0069_0031_0028_0065_0065.jpg 1 31 28 65 65
0070_0027_0021_0035_0035.jpg 1 27 21 35 35
0071_0016_0032_0061_0061.jpg 1 16 32 61 61
0072_0018_0032_0058_0058.jpg 1 18 32 58 58
0073_0058_0011_0028_0028.jpg 1 58 11 28 28
0074_0007_0021_0036_0036.jpg 1 7 21 36 36
0075_0020_0050_0035_0035.jpg 1 20 50 35 35
0076_0027_0027_0056_0056.jpg 1 27 27 56 56
0077_0037_0036_0029_0029.jpg 1 37 36 29 29
0078_0015_0017_0053_0053.jpg 1 15 17 53 53
0079_0023_0037_0048_0048.jpg 1 23 37 48 48
0080_0024_0033_0060_0060.jpg 1 24 33 60 60
0081_0059_0039_0026_0026.jpg 1 59 39 26 26
0082_0009_0034_0041_0041.jpg 1 9 34 41 41
0083_0006_0028_0066_0066.jpg 1 6 28 66 66
0084_0016_0034_0053_0053.jpg 1 16 34 53 53
0085_0029_0034_0027_0027.jpg 1 29 34 27 27
0086_0013_0009_0036_0036.jpg 1 13 9 36 36
0087_0007_0020_0062_0062.jpg 1 7 20 62 62
0088_0052_0015_0040_0040.jpg 1 52 15 40 40
0089_0014_0009_0067_0067.jpg 1 14 9 67 67
0090_0045_0044_0029_0029.jpg 1 45 44 29 29
0091_0037_0032_0044_0044.jpg 1 37 32 44 44
0092_0048_0026_0043_0043.jpg 1 48 26 43 43
0093_0012_0008_0063_0063.jpg 1 12 8 63 63
0094_0011_0033_0061_0061.jpg 1 11 33 61 61
0095_0017_0065_0024_0024.jpg 1 17 65 24 24
0096_0040_0038_0036_0036.jpg 1 40 38 36 36
0097_0041_0063_0028_0028.jpg 1 41 63 28 28
0098_0017_0015_0058_0058.jpg 1 17 15 58 58
0099_0011_0033_0062_0062.jpg 1 11 33 62 62
0100_0025_0016_0058_0058.jpg 1 25 16 58 58
0101_0062_0044_0025_0025.jpg 1 62 44 25 25
0102_0053_0059_0028_0028.jpg 1 53 59 28 28
0103_0045_0014_0042_0042.jpg 1 45 14 42 42
0104_0022_0041_0038_0038.jpg 1 22 41 38 38
0105_0027_0033_0054_0054.jpg 1 27 33 54 54
0106_0014_0019_0067_0067.jpg 1 14 19 67 67
0107_0032_0023_0063_0063.jpg 1 32 23 63 63
0108_0030_0021_0066_0066.jpg 1 30 21 66 66
0109_0033_0012_0039_0039.jpg 1 33 12 39 39
0110_0013_0060_0026_0026.jpg 1 13 60 26 26
0111_0017_0040_0027_0027.jpg 1 17 40 27 27
0112_0004_0029_0063_0063.jpg 1 4 29 63 63
0113_0011_0027_0067_0067.jpg 1 11 27 67 67
0114_0053_0039_0039_0039.jpg 1 53 39 39 39
0115_0007_0020_0066_0066.jpg 1 7 20 66 66
0116_0024_0044_0043_0043.jpg 1 24 44 43 43
0117_0015_0050_0034_0034.jpg 1 15 50 34 34
0118_0026_0021_0067_0067.jpg 1 26 21 67 67
0119_0028_0014_0055_0055.jpg 1 28 14 55 55
0120_0013_0036_0050_0050.jpg 1 13 36 50 50
0121_0020_0020_0051_0051.jpg 1 20 20 51 51
0122_0031_0004_0057_0057.jpg 1 31 4 57 57
0123_0047_0050_0042_0042.jpg 1 47 50 42 42
0124_0019_0045_0049_0049.jpg 1 19 45 49 49
0125_0030_0040_0043_0043.jpg 1 30 40 43 43
0126_0005_0027_0054_0054.jpg 1 5 27 54 54
0127_0015_0020_0062_0062.jpg 1 15 20 62 62
0128_0016_0027_0042_0042.jpg 1 16 27 42 42
0129_0010_0022_0037_0037.jpg 1 10 22 37 37
0130_0038_0024_0032_0032.jpg 1 38 24 32 32
0131_0030_0013_0047_0047.jpg 1 30 13 47 47
0132_0012_0035_0049_0049.jpg 1 12 35 49 49
0133_0013_0013_0052_0052.jpg 1 13 13 52 52
0134_0026_0008_0029_0029.jpg 1 26 8 29 29
0135_0029_0025_0036_0036.jpg 1 29 25 36 36
0136_0035_0036_0042_0042.jpg 1 35 36 42 42
0137_0027_0044_0041_0041.jpg 1 27 44 41 41
0138_0010_0046_0047_0047.jpg 1 10 46 47 47
0139_0014_0005_0069_0069.jpg 1 14 5 69 69
0140_0012_0005_0062_0062.jpg 1 12 5 62 62
0141_0043_0035_0047_0047.jpg 1 43 35 47 47
0142_0027_0016_0069_0069.jpg 1 27 16 69 69
0143_0035_0018_0059_0059.jpg 1 35 18 59 59
0144_0029_0010_0063_0063.jpg 1 29 10 63 63
0145_0004_0015_0068_0068.jpg 1 4 15 68 68
0146_0059_0049_0034_0034.jpg 1 59 49 34 34
0147_0014_0024_0026_0026.jpg 1 14 24 26 26
0148_0036_0012_0042_0042.jpg 1 36 12 42 42
0149_0022_0029_0064_0064.jpg 1 22 29 64 64
0150_0022_0033_0031_0031.jpg 1 22 33 31 31
0151_0041_0038_0027_0027.jpg 1 41 38 27 27
0152_0025_0053_0040_0040.jpg 1 25 53 40 40
0153_0014_0005_0043_0043.jpg 1 14 5 43 43
0154_0062_0066_0025_0025.jpg 1 62 66 25 25
0155_0010_0020_0065_0065.jpg 1 10 20 65 65
0156_0033_0006_0059_0059.jpg 1 33 6 59 59
0157_0039_0024_0046_0046.jpg 1 39 24 46 46
0158_0008_0006_0051_0051.jpg 1 8 6 51 51
0159_0026_0029_0035_0035.jpg 1 26 29 35 35
0160_0041_0037_0039_0039.jpg 1 41 37 39 39
0161_0032_0011_0028_0028.jpg 1 32 11 28 28
0162_0035_0035_0025_0025.jpg 1 35 35 25 25
0163_0021_0024_0060_0060.jpg 1 21 24 60 60
0164_0016_0028_0041_0041.jpg 1 16 28 41 41
0165_0048_0055_0033_0033.jpg 1 48 55 33 33
0166_0017_0005_0066_0066.jpg 1 17 5 66 66
0167_0005_0016_0060_0060.jpg 1 5 16 60 60
0168_0013_0014_0055_0055.jpg 1 13 14 55 55
0169_0013_0010_0042_0042.jpg 1 13 10 42 42
0170_0011_0023_0046_0046.jpg 1 11 23 46 46
0171_0011_0018_0064_0064.jpg 1 11 18 64 64
0172_0025_0049_0026_0026.jpg 1 25 49 26 26
0173_0043_0060_0030_0030.jpg 1 43 60 30 30
0174_0033_0008_0044_0044.jpg 1 33 8 44 44
0175_0037_0012_0046_0046.jpg 1 37 12 46 46
0176_0031_0025_0028_0028.jpg 1 31 25 28 28
0177_0038_0034_0056_0056.jpg 1 38 34 56 56
0178_0029_0023_0067_0067.jpg 1 29 23 67 67
0179_0032_0056_0033_0033.jpg 1 32 56 33 33
0180_0036_0030_0058_0058.jpg 1 36 30 58 58
0181_0011_0009_0054_0054.jpg 1 11 9 54 54
0182_0030_0033_0054_0054.jpg 1 30 33 54 54
0183_0028_0055_0033_0033.jpg 1 28 55 33 33
0184_0050_0026_0025_0025.jpg 1 50 26 25 25
0185_0046_0054_0034_0034.jpg 1 46 54 34 34
0186_0019_0015_0066_0066.jpg 1 19 15 66 66
0187_0048_0039_0043_0043.jpg 1 48 39 43 43
0188_0012_0025_0058_0058.jpg 1 12 25 58 58
0189_0031_0025_0044_0044.jpg 1 31 25 44 44
0190_0049_0050_0031_0031.jpg 1 49 50 31 31
0191_0010_0009_0060_0060.jpg 1 10 9 60 60
0192_0011_0028_0063_0063.jpg 1 11 28 63 63
0193_0033_0032_0051_0051.jpg 1 33 32 51 51
0194_0033_0034_0035_0035.jpg 1 33 34 35 35
0195_0020_0011_0054_0054.jpg 1 20 11 54 54
0196_0008_0015_0057_0057.jpg 1 8 15 57 57
0197_0054_0060_0031_0031.jpg 1 54 60 31 31
0198_0033_0020_0033_0033.jpg 1 33 20 33 33
0199_0020_0003_0068_0068.jpg 1 20 3 68 68
0200_0027_0012_0058_0058.jpg 1 27 12 58 58
0201_0043_0019_0032_0032.jpg 1 43 19 32 32
0202_0052_0007_0036_0036.jpg 1 52 7 36 36
0203_0051_0045_0031_0031.jpg 1 51 45 31 31
0204_0022_0039_0038_0038.jpg 1 22 39 38 38
0205_0007_0039_0042_0042.jpg 1 7 39 42 42
0206_0057_0051_0036_0036.jpg 1 57 51 36 36
0207_0039_0021_0031_0031.jpg 1 39 21 31 31
0208_0025_0015_0030_0030.jpg 1 25 15 30 30
0209_0019_0028_0065_0065.jpg 1 19 28 65 65
0210_0005_0019_0068_0068.jpg 1 5 19 68 68
0211_0056_0030_0035_0035.jpg 1 56 30 35 35
0212_0029_0009_0033_0033.jpg 1 29 9 33 33
0213_0013_0007_0060_0060.jpg 1 13 7 60 60
0214_0046_0019_0038_0038.jpg 1 46 19 38 38
0215_0009_0057_0030_0030.jpg 1 9 57 30 30
0216_0012_0021_0063_0063.jpg 1 12 21 63 63
0217_0036_0029_0054_0054.jpg 1 36 29 54 54
0218_0038_0050_0041_0041.jpg 1 38 50 41 41
0219_0023_0054_0034_0034.jpg 1 23 54 34 34
0220_0063_0049_0026_0026.jpg 1 63 49 26 26
0221_0012_0027_0064_0064.jpg 1 12 27 64 64
0222_0020_0019_0060_0060.jpg 1 20 19 60 60
0223_0034_0023_0060_0060.jpg 1 34 23 60 60
0224_0008_0020_0037_0037.jpg 1 8 20 37 37
0225_0018_0022_0044_0044.jpg 1 18 22 44 44
0226_0040_0016_0044_0044.jpg 1 40 16 44 44
0227_0043_0016_0036_0036.jpg 1 43 16 36 36
0228_0030_0020_0061_0061.jpg 1 30 20 61 61
0229_0022_0007_0043_0043.jpg 1 22 7 43 43
0230_0007_0007_0050_0050.jpg 1 7 7 50 50
0231_0026_0045_0048_0048.jpg 1 26 45 48 48
0232_0020_0008_0069_0069.jpg 1 20 8 69 69
0233_0040_0021_0048_0048.jpg 1 40 21 48 48
0234_0015_0026_0027_0027.jpg 1 15 26 27 27
0235_0015_0048_0042_0042.jpg 1 15 48 42 42
0236_0020_0007_0042_0042.jpg 1 20 7 42 42
0237_0016_0034_0038_0038.jpg 1 16 34 38 38
0238_0039_0030_0036_0036.jpg 1 39 30 36 36
0239_0019_0032_0025_0025.jpg 1 19 32 25 25
0240_0019_0013_0064_0064.jpg 1 19 13 64 64
0241_0050_0019_0039_0039.jpg 1 50 19 39 39
0242_0005_0028_0066_0066.jpg 1 5 28 66 66
0243_0022_0027_0066_0066.jpg 1 22 27 66 66
0244_0008_0012_0068_0068.jpg 1 8 12 68 68
0245_0039_0028_0053_0053.jpg 1 39 28 53 53
0246_0025_0030_0040_0040.jpg 1 25 30 40 40
0247_0018_0009_0063_0063.jpg 1 18 9 63 63
0248_0013_0011_0062_0062.jpg 1 13 11 62 62
0249_0022_0027_0043_0043.jpg 1 22 27 43 43
0250_0038_0055_0035_0035.jpg 1 38 55 35 35
0251_0011_0032_0058_0058.jpg 1 11 32 58 58
0252_0012_0025_0069_0069.jpg 1 12 25 69 69
0253_0054_0011_0036_0036.jpg 1 54 11 36 36
0254_0010_0044_0040_0040.jpg 1 10 44 40 40
0255_0065_0046_0027_0027.jpg 1 65 46 27 27
0256_0035_0042_0029_0029.jpg 1 35 42 29 29
0257_0009_0018_0062_0062.jpg 1 9 18 62 62
0258_0011_0009_0038_0038.jpg 1 11 9 38 38
0259_0013_0021_0051_0051.jpg 1 13 21 51 51
0260_0004_0011_0065_0065.jpg 1 4 11 65 65
0261_0029_0009_0055_0055.jpg 1 29 9 55 55
0262_0042_0043_0050_0050.jpg 1 42 43 50 50
0263_0006_0026_0057_0057.jpg 1 6 26 57 57
0264_0013_0003_0061_0061.jpg 1 13 3 61 61
0265_0020_0046_0045_0045.jpg 1 20 46 45 45
0266_0026_0021_0047_0047.jpg 1 26 21 47 47
0267_0026_0035_0055_0055.jpg 1 26 35 55 55
0268_0026_0046_0024_0024.jpg 1 26 46 24 24
0269_0042_0039_0031_0031.jpg 1 42 39 31 31
0270_0013_0048_0032_0032.jpg 1 13 48 32 32
0271_0004_0010_0056_0056.jpg 1 4 10 56 56
0272_0012_0036_0027_0027.jpg 1 12 36 27 27
0273_0044_0025_0039_0039.jpg 1 44 25 39 39
0274_0008_0012_0056_0056.jpg 1 8 12 56 56
0275_0027_0025_0060_0060.jpg 1 27 25 60 60
0276_0029_0021_0064_0064.jpg 1 29 21 64 64
0277_0035_0005_0051_0051.jpg 1 35 5 51 51
0278_0012_0035_0040_0040.jpg 1 12 35 40 40
0279_0012_0066_0026_0026.jpg 1 12 66 26 26
0280_0005_0006_0056_0056.jpg 1 5 6 56 56
0281_0016_0009_0053_0053.jpg 1 16 9 53 53
0282_0022_0047_0036_0036.jpg 1 22 47 36 36
0283_0017_0021_0064_0064.jpg 1 17 21 64 64
0284_0058_0037_0033_0033.jpg 1 58 37 33 33
0285_0008_0019_0040_0040.jpg 1 8 19 40 40
0286_0036_0018_0059_0059.jpg 1 36 18 59 59
0287_0026_0014_0045_0045.jpg 1 26 14 45 45
0288_0018_0058_0030_0030.jpg 1 18 58 30 30
0289_0027_0025_0050_0050.jpg 1 27 25 50 50
0290_0034_0010_0050_0050.jpg 1 34 10 50 50
0291_0008_0036_0043_0043.jpg 1 8 36 43 43
0292_0014_0011_0064_0064.jpg 1 14 11 64 64
0293_0059_0030_0030_0030.jpg 1 59 30 30 30
0294_0019_0024_0052_0052.jpg 1 19 24 52 52
0295_0041_0034_0043_0043.jpg 1 41 34 43 43
0296_0023_0014_0069_0069.jpg 1 23 14 69 69
0297_0024_0004_0068_0068.jpg 1 24 4 68 68
0298_0012_0028_0064_0064.jpg 1 12 28 64 64
0299_0038_0031_0031_0031.jpg 1 38 31 31 31
0300_0013_0012_0065_0065.jpg 1 13 12 65 65
0301_0035_0031_0059_0059.jpg 1 35 31 59 59
0302_0008_0012_0062_0062.jpg 1 8 12 62 62
0303_0012_0012_0066_0066.jpg 1 12 12 66 66
0304_0020_0021_0024_0024.jpg 1 20 21 24 24
0305_0007_0018_0032_0032.jpg 1 7 18 32 32
0306_0012_0042_0037_0037.jpg 1 12 42 37 37
0307_0026_0007_0045_0045.jpg 1 26 7 45 45
0308_0009_0013_0045_0045.jpg 1 9 13 45 45
0309_0009_0017_0053_0053.jpg 1 9 17 53 53
0310_0008_0036_0046_0046.jpg 1 8 36 46 46
0311_0017_0020_0069_0069.jpg 1 17 20 69 69
0312_0036_0022_0033_0033.jpg 1 36 22 33 33
0313_0027_0039_0051_0051.jpg 1 27 39 51 51
0314_0028_0047_0045_0045.jpg 1 28 47 45 45
0315_0015_0023_0059_0059.jpg 1 15 23 59 59
0316_0025_0051_0030_0030.jpg 1 25 51 30 30
0317_0024_0033_0038_0038.jpg 1 24 33 38 38
0318_0018_0039_0040_0040.jpg 1 18 39 40 40
0319_0050_0008_0041_0041.jpg 1 50 8 41 41
0320_0022_0017_0059_0059.jpg 1 22 17 59 59
0321_0025_0054_0031_0031.jpg 1 25 54 31 31
0322_0005_0022_0060_0060.jpg 1 5 22 60 60
0323_0023_0035_0026_0026.jpg 1 23 35 26 26
0324_0046_0042_0047_0047.jpg 1 46 42 47 47
0325_0010_0005_0061_0061.jpg 1 10 5 61 61
0326_0016_0019_0041_0041.jpg 1 16 19 41 41
0327_0047_0047_0043_0043.jpg 1 47 47 43 43
0328_0007_0010_0059_0059.jpg 1 7 10 59 59
0329_0021_0056_0028_0028.jpg 1 21 56 28 28
0330_0031_0041_0037_0037.jpg 1 31 41 37 37
0331_0030_0038_0034_0034.jpg 1 30 38 34 34
0332_0027_0026_0043_0043.jpg 1 27 26 43 43
0333_0041_0017_0039_0039.jpg 1 41 17 39 39
0334_0039_0011_0035_0035.jpg 1 39 11 35 35
0335_0046_0048_0040_0040.jpg 1 46 48 40 40
0336_0025_0033_0041_0041.jpg 1 25 33 41 41
0337_0012_0011_0065_0065.jpg 1 12 11 65 65
0338_0051_0034_0024_0024.jpg 1 51 34 24 24
0339_0020_0009_0036_0036.jpg 1 20 9 36 36
0340_0007_0018_0063_0063.jpg 1 7 18 63 63
0341_0025_0011_0031_0031.jpg 1 25 11 31 31
0342_0010_0011_0062_0062.jpg 1 10 11 62 62
0343_0027_0006_0068_0068.jpg 1 27 6 68 68
0344_0013_0026_0041_0041.jpg 1 13 26 41 41
0345_0006_0009_0069_0069.jpg 1 6 9 69 69
0346_0038_0027_0042_0042.jpg 1 38 27 42 42
0347_0016_0028_0028_0028.jpg 1 16 28 28 28
0348_0036_0060_0029_0029.jpg 1 36 60 29 29
0349_0031_0017_0039_0039.jpg 1 31 17 39 39
0350_0007_0018_0052_0052.jpg 1 7 18 52 52
0351_0060_0029_0025_0025.jpg 1 60 29 25 25
0352_0057_0056_0032_0032.jpg 1 57 56 32 32
0353_0018_0033_0052_0052.jpg 1 18 33 52 52
0354_0034_0008_0050_0050.jpg 1 34 8 50 50
0355_0006_0004_0061_0061.jpg 1 6 4 61 61
0356_0021_0050_0028_0028.jpg 1 21 50 28 28
0357_0028_0055_0032_0032.jpg 1 28 55 32 32
0358_0011_0018_0046_0046.jpg 1 11 18 46 46
0359_0016_0022_0045_0045.jpg 1 16 22 45 45
0360_0013_0028_0047_0047.jpg 1 13 28 47 47
0361_0038_0043_0048_0048.jpg 1 38 43 48 48
0362_0018_0017_0037_0037.jpg 1 18 17 37 37
0363_0027_0065_0027_0027.jpg 1 27 65 27 27
0364_0014_0044_0048_0048.jpg 1 14 44 48 48
0365_0018_0017_0067_0067.jpg 1 18 17 67 67
0366_0013_0018_0063_0063.jpg 1 13 18 63 63
0367_0042_0025_0050_0050.jpg 1 42 25 50 50
0368_0047_0007_0036_0036.jpg 1 47 7 36 36
0369_0056_0011_0031_0031.jpg 1 56 11 31 31
0370_0015_0058_0033_0033.jpg 1 15 58 33 33
0371_0015_0043_0047_0047.jpg 1 15 43 47 47
0372_0046_0048_0026_0026.jpg 1 46 48 26 26
0373_0026_0059_0033_0033.jpg 1 26 59 33 33
0374_0056_0007_0034_0034.jpg 1 56 7 34 34
0375_0012_0018_0068_0068.jpg 1 12 18 68 68
0376_0006_0010_0054_0054.jpg 1 6 10 54 54
0377_0023_0047_0041_0041.jpg 1 23 47 41 41
0378_0036_0038_0051_0051.jpg 1 36 38 51 51
0379_0018_0017_0055_0055.jpg 1 18 17 55 55
0380_0024_0031_0063_0063.jpg 1 24 31 63 63
0381_0005_0012_0054_0054.jpg 1 5 12 54 54
0382_0009_0025_0053_0053.jpg 1 9 25 53 53
0383_0014_0032_0049_0049.jpg 1 14 32 49 49
0384_0026_0046_0048_0048.jpg 1 26 46 48 48
0385_0005_0009_0061_0061.jpg 1 5 9 61 61
0386_0026_0026_0056_0056.jpg 1 26 26 56 56
0387_0014_0022_0036_0036.jpg 1 14 22 36 36
0388_0051_0016_0032_0032.jpg 1 51 16 32 32
0389_0008_0022_0067_0067.jpg 1 8 22 67 67
0390_0047_0049_0037_0037.jpg 1 47 49 37 37
0391_0005_0027_0059_0059.jpg 1 5 27 59 59
0392_0016_0050_0043_0043.jpg 1 16 50 43 43
0393_0006_0022_0059_0059.jpg 1 6 22 59 59
0394_0025_0028_0034_0034.jpg 1 25 28 34 34
0395_0023_0011_0050_0050.jpg 1 23 11 50 50
0396_0015_0018_0065_0065.jpg 1 15 18 65 65
0397_0032_0011_0056_0056.jpg 1 32 11 56 56
0398_0020_0015_0057_0057.jpg 1 20 15 57 57
0399_0023_0016_0064_0064.jpg 1 23 16 64 64
0400_0018_0035_0041_0041.jpg 1 18 35 41 41
0401_0018_0034_0049_0049.jpg 1 18 34 49 49
0402_0029_0027_0042_0042.jpg 1 29 27 42 42
0403_0028_0045_0038_0038.jpg 1 28 45 38 38
0404_0021_0022_0069_0069.jpg 1 21 22 69 69
0405_0018_0029_0060_0060.jpg 1 18 29 60 60
0406_0020_0015_0028_0028.jpg 1 20 15 28 28
0407_0022_0016_0068_0068.jpg 1 22 16 68 68
0408_0014_0024_0063_0063.jpg 1 14 24 63 63
0409_0005_0020_0050_0050.jpg 1 5 20 50 50
0410_0028_0044_0048_0048.jpg 1 28 44 48 48
0411_0024_0013_0025_0025.jpg 1 24 13 25 25
0412_0023_0034_0053_0053.jpg 1 23 34 53 53
0413_0024_0043_0028_0028.jpg 1 24 43 28 28
0414_0021_0012_0064_0064.jpg 1 21 12 64 64
0415_0004_0019_0068_0068.jpg 1 4 19 68 68
0416_0016_0004_0064_0064.jpg 1 16 4 64 64
0417_0008_0049_0037_0037.jpg 1 8 49 37 37
0418_0016_0026_0067_0067.jpg 1 16 26 67 67
0419_0022_0026_0044_0044.jpg 1 22 26 44 44
0420_0060_0013_0024_0024.jpg 1 60 13 24 24
0421_0028_0015_0058_0058.jpg 1 28 15 58 58
0422_0045_0048_0031_0031.jpg 1 45 48 31 31
0423_0004_0024_0059_0059.jpg 1 4 24 59 59
0424_0050_0049_0033_0033.jpg 1 50 49 33 33
0425_0027_0021_0043_0043.jpg 1 27 21 43 43
0426_0033_0014_0029_0029.jpg 1 33 14 29 29
0427_0027_0028_0052_0052.jpg 1 27 28 52 52
0428_0041_0042_0026_0026.jpg 1 41 42 26 26
0429_0006_0024_0042_0042.jpg 1 6 24 42 42
0430_0011_0035_0052_0052.jpg 1 11 35 52 52
0431_0035_0014_0055_0055.jpg 1 35 14 55 55
0432_0039_0039_0052_0052.jpg 1 39 39 52 52
0433_0028_0049_0038_0038.jpg 1 28 49 38 38
0434_0013_0017_0059_0059.jpg 1 13 17 59 59
0435_0044_0059_0033_0033.jpg 1 44 59 33 33
0436_0030_0032_0056_0056.jpg 1 30 32 56 56
0437_0058_0050_0026_0026.jpg 1 58 50 26 26
0438_0017_0029_0035_0035.jpg 1 17 29 35 35
0439_0030_0019_0042_0042.jpg 1 30 19 42 42
0440_0027_0025_0054_0054.jpg 1 27 25 54 54
0441_0034_0023_0048_0048.jpg 1 34 23 48 48
0442_0034_0038_0047_0047.jpg 1 34 38 47 47
0443_0047_0031_0036_0036.jpg 1 47 31 36 36
0444_0005_0009_0058_0058.jpg 1 5 9 58 58
0445_0047_0027_0045_0045.jpg 1 47 27 45 45
0446_0023_0019_0064_0064.jpg 1 23 19 64 64
0447_0029_0026_0060_0060.jpg 1 29 26 60 60
0448_0057_0032_0031_0031.jpg 1 57 32 31 31
0449_0030_0029_0041_0041.jpg 1 30 29 41 41
0450_0014_0005_0066_0066.jpg 1 14 5 66 66
0451_0054_0044_0027_0027.jpg 1 54 44 27 27
0452_0005_0011_0049_0049.jpg 1 5 11 49 49
0453_0063_0055_0024_0024.jpg 1 63 55 24 24
0454_0037_0027_0053_0053.jpg 1 37 27 53 53
0455_0023_0007_0040_0040.jpg 1 23 7 40 40
0456_0045_0050_0043_0043.jpg 1 45 50 43 43
0457_0055_0030_0037_0037.jpg 1 55 30 37 37
0458_0037_0020_0034_0034.jpg 1 37 20 34 34
0459_0011_0018_0065_0065.jpg 1 11 18 65 65
0460_0028_0026_0043_0043.jpg 1 28 26 43 43
0461_0010_0016_0053_0053.jpg 1 10 16 53 53
0462_0042_0046_0025_0025.jpg 1 42 46 25 25
0463_0044_0014_0038_0038.jpg 1 44 14 38 38
0464_0025_0034_0053_0053.jpg 1 25 34 53 53
0465_0041_0032_0047_0047.jpg 1 41 32 47 47
0466_0029_0024_0066_0066.jpg 1 29 24 66 66
0467_0006_0006_0058_0058.jpg 1 6 6 58 58
0468_0028_0005_0060_0060.jpg 1 28 5 60 60
0469_0022_0032_0046_0046.jpg 1 22 32 46 46
0470_0058_0047_0026_0026.jpg 1 58 47 26 26
0471_0025_0040_0032_0032.jpg 1 25 40 32 32
0472_0044_0019_0031_0031.jpg 1 44 19 31 31
0473_0032_0028_0024_0024.jpg 1 32 28 24 24
0474_0031_0010_0052_0052.jpg 1 31 10 52 52
0475_0037_0020_0050_0050.jpg 1 37 20 50 50
0476_0028_0008_0026_0026.jpg 1 28 8 26 26
0477_0023_0043_0050_0050.jpg 1 23 43 50 50
0478_0023_0009_0046_0046.jpg 1 23 9 46 46
0479_0036_0009_0053_0053.jpg 1 36 9 53 53
0480_0022_0054_0032_0032.jpg 1 22 54 32 32
0481_0058_0043_0028_0028.jpg 1 58 43 28 28
0482_0017_0028_0063_0063.jpg 1 17 28 63 63
0483_0009_0016_0052_0052.jpg 1 9 16 52 52
0484_0036_0013_0049_0049.jpg 1 36 13 49 49
0485_0039_0014_0032_0032.jpg 1 39 14 32 32
0486_0015_0013_0047_0047.jpg 1 15 13 47 47
0487_0037_0015_0058_0058.jpg 1 37 15 58 58
0488_0029_0044_0048_0048.jpg 1 29 44 48 48
0489_0046_0010_0040_0040.jpg 1 46 10 40 40
0490_0059_0017_0032_0032.jpg 1 59 17 32 32
0491_0035_0014_0057_0057.jpg 1 35 14 57 57
0492_0013_0019_0069_0069.jpg 1 13 19 69 69
0493_0016_0022_0069_0069.jpg 1 16 22 69 69
0494_0051_0018_0043_0043.jpg 1 51 18 43 43
0495_0036_0030_0042_0042.jpg 1 36 30 42 42
0496_0008_0018_0050_0050.jpg 1 8 18 50 50
0497_0024_0019_0064_0064.jpg 1 24 19 64 64
0498_0008_0012_0063_0063.jpg 1 8 12 63 63
0499_0024_0029_0039_0039.jpg 1 24 29 39 39
0500_0043_0043_0027_0027.jpg 1 43 43 27 27
0501_0019_0029_0057_0057.jpg 1 19 29 57 57
0502_0030_0019_0036_0036.jpg 1 30 19 36 36
0503_0021_0058_0027_0027.jpg 1 21 58 27 27
0504_0021_0012_0065_0065.jpg 1 21 12 65 65
0505_0006_0016_0063_0063.jpg 1 6 16 63 63
0506_0013_0037_0040_0040.jpg 1 13 37 40 40
0507_0006_0017_0068_0068.jpg 1 6 17 68 68
0508_0010_0011_0054_0054.jpg 1 10 11 54 54
0509_0017_0024_0069_0069.jpg 1 17 24 69 69
0510_0033_0038_0028_0028.jpg 1 33 38 28 28
0511_0053_0014_0032_0032.jpg 1 53 14 32 32
0512_0019_0055_0037_0037.jpg 1 19 55 37 37
0513_0055_0047_0037_0037.jpg 1 55 47 37 37
0514_0010_0048_0028_0028.jpg 1 10 48 28 28
0515_0041_0036_0051_0051.jpg 1 41 36 51 51
0516_0013_0039_0032_0032.jpg 1 13 39 32 32
0517_0033_0012_0047_0047.jpg 1 33 12 47 47
0518_0045_0014_0035_0035.jpg 1 45 14 35 35
0519_0039_0013_0046_0046.jpg 1 39 13 46 46
0520_0024_0005_0059_0059.jpg 1 24 5 59 59
0521_0040_0031_0052_0052.jpg 1 40 31 52 52
0522_0029_0016_0064_0064.jpg 1 29 16 64 64
0523_0017_0024_0065_0065.jpg 1 17 24 65 65
0524_0057_0047_0036_0036.jpg 1 57 47 36 36
0525_0017_0057_0031_0031.jpg 1 17 57 31 31
0526_0017_0012_0058_0058.jpg 1 17 12 58 58
0527_0019_0027_0069_0069.jpg 1 19 27 69 69
0528_0026_0024_0059_0059.jpg 1 26 24 59 59
0529_0022_0017_0069_0069.jpg 1 22 17 69 69
0530_0025_0049_0045_0045.jpg 1 25 49 45 45
0531_0018_0045_0045_0045.jpg 1 18 45 45 45
0532_0019_0024_0057_0057.jpg 1 19 24 57 57
0533_0024_0030_0058_0058.jpg 1 24 30 58 58
0534_0005_0020_0055_0055.jpg 1 5 20 55 55
0535_0052_0052_0031_0031.jpg 1 52 52 31 31
0536_0036_0028_0050_0050.jpg 1 36 28 50 50
0537_0064_0013_0025_0025.jpg 1 64 13 25 25
0538_0028_0007_0053_0053.jpg 1 28 7 53 53
0539_0016_0021_0069_0069.jpg 1 16 21 69 69
0540_0006_0017_0036_0036.jpg 1 6 17 36 36
0541_0046_0032_0047_0047.jpg 1 46 32 47 47
0542_0012_0029_0049_0049.jpg 1 12 29 49 49
0543_0023_0046_0041_0041.jpg 1 23 46 41 41
0544_0015_0024_0025_0025.jpg 1 15 24 25 25
0545_0025_0021_0065_0065.jpg 1 25 21 65 65
0546_0038_0028_0036_0036.jpg 1 38 28 36 36
0547_0046_0024_0045_0045.jpg 1 46 24 45 45
0548_0020_0015_0065_0065.jpg 1 20 15 65 65
0549_0025_0025_0029_0029.jpg 1 25 25 29 29
0550_0035_0039_0047_0047.jpg 1 35 39 47 47
0551_0014_0010_0064_0064.jpg 1 14 10 64 64
0552_0044_0032_0040_0040.jpg 1 44 32 40 40
0553_0022_0014_0063_0063.jpg 1 22 14 63 63
0554_0025_0017_0040_0040.jpg 1 25 17 40 40
0555_0063_0063_0024_0024.jpg 1 63 63 24 24
0556_0029_0015_0052_0052.jpg 1 29 15 52 52
0557_0024_0045_0049_0049.jpg 1 24 45 49 49
0558_0025_0036_0057_0057.jpg 1 25 36 57 57
0559_0017_0014_0050_0050.jpg 1 17 14 50 50
0560_0010_0030_0036_0036.jpg 1 10 30 36 36
0561_0029_0025_0060_0060.jpg 1 29 25 60 60
0562_0049_0027_0043_0043.jpg 1 49 27 43 43
0563_0012_0027_0069_0069.jpg 1 12 27 69 69
0564_0015_0017_0057_0057.jpg 1 15 17 57 57
0565_0033_0020_0056_0056.jpg 1 33 20 56 56
0566_0010_0023_0025_0025.jpg 1 10 23 25 25
0567_0030_0019_0058_0058.jpg 1 30 19 58 58
0568_0017_0018_0061_0061.jpg 1 17 18 61 61
0569_0018_0017_0056_0056.jpg 1 18 17 56 56
0570_0050_0028_0033_0033.jpg 1 50 28 33 33
0571_0024_0031_0040_0040.jpg 1 24 31 40 40
0572_0004_0025_0062_0062.jpg 1 4 25 62 62
0573_0027_0043_0047_0047.jpg 1 27 43 47 47
0574_0016_0028_0042_0042.jpg 1 16 28 42 42
0575_0009_0030_0061_0061.jpg 1 9 30 61 61
0576_0007_0009_0068_0068.jpg 1 7 9 68 68
0577_0017_0011_0069_0069.jpg 1 17 11 69 69
0578_0022_0010_0045_0045.jpg 1 22 10 45 45
0579_0050_0022_0038_0038.jpg 1 50 22 38 38
0580_0007_0018_0068_0068.jpg 1 7 18 68 68
0581_0012_0023_0055_0055.jpg 1 12 23 55 55
0582_0011_0011_0059_0059.jpg 1 11 11 59 59
0583_0039_0021_0035_0035.jpg 1 39 21 35 35
0584_0011_0009_0048_0048.jpg 1 11 9 48 48
0585_0013_0021_0051_0051.jpg 1 13 21 51 51
0586_0006_0006_0069_0069.jpg 1 6 6 69 69
0587_0051_0030_0039_0039.jpg 1 51 30 39 39
0588_0018_0009_0039_0039.jpg 1 18 9 39 39
0589_0011_0057_0034_0034.jpg 1 11 57 34 34
0590_0032_0007_0038_0038.jpg 1 32 7 38 38
0591_0019_0048_0041_0041.jpg 1 19 48 41 41
0592_0024_0030_0045_0045.jpg 1 24 30 45 45
0593_0018_0004_0063_0063.jpg 1 18 4 63 63
0594_0040_0044_0037_0037.jpg 1 40 44 37 37
0595_0045_0011_0046_0046.jpg 1 45 11 46 46
0596_0033_0022_0055_0055.jpg 1 33 22 55 55
0597_0026_0020_0062_0062.jpg 1 26 20 62 62
0598_0011_0006_0054_0054.jpg 1 11 6 54 54
0599_0040_0024_0040_0040.jpg 1 40 24 40 40
0600_0015_0003_0064_0064.jpg 1 15 3 64 64
