0001_0023_0040_0043_0043.jpg 1 23 40 43 43
0002_0008_0032_0061_0061.jpg 1 8 32 61 61
0003_0047_0037_0045_0045.jpg 1 47 37 45 45
0004_0029_0025_0046_0046.jpg 1 29 25 46 46
0005_0021_0030_0059_0059.jpg 1 21 30 59 59
0006_0040_0036_0053_0053.jpg 1 40 36 53 53
0007_0030_0013_0065_0065.jpg 1 30 13 65 65
0008_0040_0064_0025_0025.jpg 1 40 64 25 25
0009_0026_0024_0048_0048.jpg 1 26 24 48 48
0010_0042_0035_0049_0049.jpg 1 42 35 49 49
0011_0028_0026_0057_0057.jpg 1 28 26 57 57
0012_0021_0009_0054_0054.jpg 1 21 9 54 54
0013_0006_0003_0069_0069.jpg 1 6 3 69 69
0014_0042_0034_0049_0049.jpg 1 42 34 49 49
0015_0015_0014_0063_0063.jpg 1 15 14 63 63
0016_0028_0015_0024_0024.jpg 1 28 15 24 24
0017_0023_0003_0065_0065.jpg 1 23 3 65 65
0018_0011_0023_0057_0057.jpg 1 11 23 57 57
0019_0034_0014_0038_0038.jpg 1 34 14 38 38
0020_0004_0011_0068_0068.jpg 1 4 11 68 68
0021_0013_0016_0030_0030.jpg 1 13 16 30 30
0022_0004_0013_0069_0069.jpg 1 4 13 69 69
0023_0021_0021_0056_0056.jpg 1 21 21 56 56
0024_0018_0014_0053_0053.jpg 1 18 14 53 53
0025_0043_0029_0046_0046.jpg 1 43 29 46 46
0026_0038_0059_0026_0026.jpg 1 38 59 26 26
0027_0044_0037_0049_0049.jpg 1 44 37 49 49
0028_0009_0020_0060_0060.jpg 1 9 20 60 60
0029_0020_0037_0057_0057.jpg 1 20 37 57 57
0030_0039_0010_0025_0025.jpg 1 39 10 25 25
0031_0009_0017_0055_0055.jpg 1 9 17 55 55
0032_0012_0028_0029_0029.jpg 1 12 28 29 29
0033_0019_0024_0065_0065.jpg 1 19 24 65 65
0034_0014_0021_0057_0057.jpg 1 14 21 57 57
0035_0066_0061_0024_0024.jpg 1 66 61 24 24
0036_0023_0017_0050_0050.jpg 1 23 17 50 50
0037_0011_0033_0052_0052.jpg 1 11 33 52 52
0038_0024_0053_0039_0039.jpg 1 24 53 39 39
0039_0007_0033_0056_0056.jpg 1 7 33 56 56
0040_0020_0013_0061_0061.jpg 1 20 13 61 61
0041_0005_0024_0055_0055.jpg 1 5 24 55 55
0042_0010_0025_0046_0046.jpg 1 10 25 46 46
0043_0020_0013_0055_0055.jpg 1 20 13 55 55
0044_0030_0030_0050_0050.jpg 1 30 30 50 50
0045_0023_0008_0059_0059.jpg 1 23 8 59 59
0046_0018_0025_0043_0043.jpg 1 18 25 43 43
0047_0056_0047_0032_0032.jpg 1 56 47 32 32
0048_0041_0055_0024_0024.jpg 1 41 55 24 24
0049_0020_0046_0043_0043.jpg 1 20 46 43 43
0050_0015_0010_0039_0039.jpg 1 15 10 39 39
0051_0019_0006_0040_0040.jpg 1 19 6 40 40
0052_0033_0014_0050_0050.jpg 1 33 14 50 50
0053_0007_0024_0050_0050.jpg 1 7 24 50 50
0054_0007_0016_0063_0063.jpg 1 7 16 63 63
0055_0029_0049_0030_0030.jpg 1 29 49 30 30
0056_0042_0044_0033_0033.jpg 1 42 44 33 33
0057_0016_0017_0042_0042.jpg 1 16 17 42 42
0058_0014_0010_0066_0066.jpg 1 14 10 66 66
0059_0030_0035_0054_0054.jpg 1 30 35 54 54
0060_0046_0008_0032_0032.jpg 1 46 8 32 32
0061_0022_0028_0040_0040.jpg 1 22 28 40 40
0062_0019_0042_0049_0049.jpg 1 19 42 49 49
0063_0017_0013_0066_0066.jpg 1 17 13 66 66
0064_0034_0038_0036_0036.jpg 1 34 38 36 36
0065_0029_0039_0032_0032.jpg 1 29 39 32 32
0066_0028_0032_0051_0051.jpg 1 28 32 51 51
0067_0034_0019_0055_0055.jpg 1 34 19 55 55
0068_0022_0009_0047_0047.jpg 1 22 9 47 47
0069_0041_0049_0026_0026.jpg 1 41 49 26 26
0070_0062_0050_0028_0028.jpg 1 62 50 28 28
0071_0014_0004_0063_0063.jpg 1 14 4 63 63
0072_0064_0024_0024_0024.jpg 1 64 24 24 24
0073_0040_0045_0038_0038.jpg 1 40 45 38 38
0074_0020_0007_0048_0048.jpg 1 20 7 48 48
0075_0042_0025_0052_0052.jpg 1 42 25 52 52
0076_0022_0030_0030_0030.jpg 1 22 30 30 30
0077_0039_0056_0029_0029.jpg 1 39 56 29 29
0078_0056_0026_0032_0032.jpg 1 56 26 32 32
0079_0033_0051_0043_0043.jpg 1 33 51 43 43
0080_0023_0032_0040_0040.jpg 1 23 32 40 40
0081_0028_0033_0030_0030.jpg 1 28 33 30 30
0082_0015_0003_0063_0063.jpg 1 15 3 63 63
0083_0029_0018_0040_0040.jpg 1 29 18 40 40
0084_0020_0027_0064_0064.jpg 1 20 27 64 64
0085_0021_0028_0064_0064.jpg 1 21 28 64 64
0086_0024_0023_0067_0067.jpg 1 24 23 67 67
0087_0005_0015_0059_0059.jpg 1 5 15 59 59
0088_0054_0015_0028_0028.jpg 1 54 15 28 28
0089_0009_0027_0037_0037.jpg 1 9 27 37 37
0090_0025_0017_0062_0062.jpg 1 25 17 62 62
0091_0010_0060_0028_0028.jpg 1 10 60 28 28
0092_0043_0032_0048_0048.jpg 1 43 32 48 48
0093_0016_0017_0047_0047.jpg 1 16 17 47 47
0094_0036_0032_0059_0059.jpg 1 36 32 59 59
0095_0010_0019_0061_0061.jpg 1 10 19 61 61
0096_0021_0010_0055_0055.jpg 1 21 10 55 55
0097_0019_0007_0067_0067.jpg 1 19 7 67 67
0098_0028_0008_0036_0036.jpg 1 28 8 36 36
0099_0021_0032_0032_0032.jpg 1 21 32 32 32
0100_0018_0046_0036_0036.jpg 1 18 46 36 36
0101_0047_0027_0034_0034.jpg 1 47 27 34 34
0102_0032_0041_0044_0044.jpg 1 32 41 44 44
0103_0013_0012_0056_0056.jpg 1 13 12 56 56
0104_0007_0019_0043_0043.jpg 1 7 19 43 43
0105_0024_0040_0036_0036.jpg 1 24 40 36 36
0106_0065_0047_0025_0025.jpg 1 65 47 25 25
0107_0006_0025_0068_0068.jpg 1 6 25 68 68
0108_0024_0042_0048_0048.jpg 1 24 42 48 48
0109_0022_0006_0042_0042.jpg 1 22 6 42 42
0110_0021_0011_0046_0046.jpg 1 21 11 46 46
0111_0058_0053_0028_0028.jpg 1 58 53 28 28
0112_0041_0039_0050_0050.jpg 1 41 39 50 50
0113_0006_0022_0066_0066.jpg 1 6 22 66 66
0114_0023_0035_0044_0044.jpg 1 23 35 44 44
0115_0030_0014_0057_0057.jpg 1 30 14 57 57
0116_0037_0007_0028_0028.jpg 1 37 7 28 28
0117_0023_0020_0043_0043.jpg 1 23 20 43 43
0118_0016_0006_0057_0057.jpg 1 16 6 57 57
0119_0020_0028_0057_0057.jpg 1 20 28 57 57
0120_0005_0033_0056_0056.jpg 1 5 33 56 56
0121_0047_0021_0024_0024.jpg 1 47 21 24 24
0122_0005_0034_0055_0055.jpg 1 5 34 55 55
0123_0044_0039_0036_0036.jpg 1 44 39 36 36
0124_0027_0031_0024_0024.jpg 1 27 31 24 24
0125_0016_0020_0063_0063.jpg 1 16 20 63 63
0126_0043_0038_0030_0030.jpg 1 43 38 30 30
0127_0041_0007_0041_0041.jpg 1 41 7 41 41
0128_0029_0014_0064_0064.jpg 1 29 14 64 64
0129_0019_0028_0042_0042.jpg 1 19 28 42 42
0130_0013_0026_0053_0053.jpg 1 13 26 53 53
0131_0034_0011_0042_0042.jpg 1 34 11 42 42
0132_0004_0028_0060_0060.jpg 1 4 28 60 60
0133_0026_0036_0036_0036.jpg 1 26 36 36 36
0134_0050_0040_0033_0033.jpg 1 50 40 33 33
0135_0022_0010_0066_0066.jpg 1 22 10 66 66
0136_0030_0059_0033_0033.jpg 1 30 59 33 33
0137_0018_0033_0047_0047.jpg 1 18 33 47 47
0138_0051_0051_0024_0024.jpg 1 51 51 24 24
0139_0011_0068_0024_0024.jpg 1 11 68 24 24
0140_0042_0040_0035_0035.jpg 1 42 40 35 35
0141_0032_0013_0062_0062.jpg 1 32 13 62 62
0142_0057_0033_0024_0024.jpg 1 57 33 24 24
0143_0007_0024_0068_0068.jpg 1 7 24 68 68
0144_0033_0021_0053_0053.jpg 1 33 21 53 53
0145_0024_0014_0051_0051.jpg 1 24 14 51 51
0146_0007_0008_0064_0064.jpg 1 7 8 64 64
0147_0022_0057_0029_0029.jpg 1 22 57 29 29
0148_0044_0027_0047_0047.jpg 1 44 27 47 47
0149_0056_0027_0030_0030.jpg 1 56 27 30 30
0150_0038_0006_0049_0049.jpg 1 38 6 49 49
0151_0018_0026_0036_0036.jpg 1 18 26 36 36
0152_0010_0025_0031_0031.jpg 1 10 25 31 31
0153_0021_0022_0041_0041.jpg 1 21 22 41 41
0154_0043_0034_0025_0025.jpg 1 43 34 25 25
0155_0062_0051_0024_0024.jpg 1 62 51 24 24
0156_0038_0024_0045_0045.jpg 1 38 24 45 45
0157_0010_0010_0028_0028.jpg 1 10 10 28 28
0158_0013_0040_0037_0037.jpg 1 13 40 37 37
0159_0018_0010_0066_0066.jpg 1 18 10 66 66
0160_0030_0029_0039_0039.jpg 1 30 29 39 39
0161_0017_0017_0062_0062.jpg 1 17 17 62 62
0162_0025_0015_0061_0061.jpg 1 25 15 61 61
0163_0008_0034_0047_0047.jpg 1 8 34 47 47
0164_0060_0012_0024_0024.jpg 1 60 12 24 24
0165_0003_0004_0068_0068.jpg 1 3 4 68 68
0166_0009_0006_0042_0042.jpg 1 9 6 42 42
0167_0039_0017_0055_0055.jpg 1 39 17 55 55
0168_0048_0041_0030_0030.jpg 1 48 41 30 30
0169_0011_0019_0028_0028.jpg 1 11 19 28 28
0170_0019_0015_0036_0036.jpg 1 19 15 36 36
0171_0016_0010_0067_0067.jpg 1 16 10 67 67
0172_0029_0006_0060_0060.jpg 1 29 6 60 60
0173_0018_0023_0068_0068.jpg 1 18 23 68 68
0174_0018_0037_0038_0038.jpg 1 18 37 38 38
0175_0037_0040_0051_0051.jpg 1 37 40 51 51
0176_0026_0016_0065_0065.jpg 1 26 16 65 65
0177_0032_0029_0026_0026.jpg 1 32 29 26 26
0178_0006_0009_0063_0063.jpg 1 6 9 63 63
0179_0019_0026_0060_0060.jpg 1 19 26 60 60
0180_0030_0026_0063_0063.jpg 1 30 26 63 63
0181_0019_0016_0051_0051.jpg 1 19 16 51 51
0182_0031_0045_0033_0033.jpg 1 31 45 33 33
0183_0037_0028_0032_0032.jpg 1 37 28 32 32
0184_0014_0049_0038_0038.jpg 1 14 49 38 38
0185_0016_0031_0056_0056.jpg 1 16 31 56 56
0186_0014_0025_0066_0066.jpg 1 14 25 66 66
0187_0035_0007_0044_0044.jpg 1 35 7 44 44
0188_0029_0015_0059_0059.jpg 1 29 15 59 59
0189_0032_0019_0043_0043.jpg 1 32 19 43 43
0190_0026_0032_0061_0061.jpg 1 26 32 61 61
0191_0009_0021_0069_0069.jpg 1 9 21 69 69
0192_0019_0007_0027_0027.jpg 1 19 7 27 27
0193_0017_0034_0041_0041.jpg 1 17 34 41 41
0194_0012_0014_0058_0058.jpg 1 12 14 58 58
0195_0036_0023_0059_0059.jpg 1 36 23 59 59
0196_0014_0025_0051_0051.jpg 1 14 25 51 51
0197_0025_0040_0047_0047.jpg 1 25 40 47 47
0198_0012_0028_0062_0062.jpg 1 12 28 62 62
0199_0041_0033_0025_0025.jpg 1 41 33 25 25
0200_0004_0018_0062_0062.jpg 1 4 18 62 62
0201_0006_0008_0068_0068.jpg 1 6 8 68 68
0202_0034_0049_0035_0035.jpg 1 34 49 35 35
0203_0023_0028_0049_0049.jpg 1 23 28 49 49
0204_0043_0032_0046_0046.jpg 1 43 32 46 46
0205_0010_0016_0059_0059.jpg 1 10 16 59 59
0206_0048_0015_0039_0039.jpg 1 48 15 39 39
0207_0043_0015_0033_0033.jpg 1 43 15 33 33
0208_0016_0025_0058_0058.jpg 1 16 25 58 58
0209_0059_0049_0028_0028.jpg 1 59 49 28 28
0210_0008_0033_0048_0048.jpg 1 8 33 48 48
0211_0037_0040_0054_0054.jpg 1 37 40 54 54
0212_0016_0036_0029_0029.jpg 1 16 36 29 29
0213_0018_0022_0040_0040.jpg 1 18 22 40 40
0214_0057_0032_0031_0031.jpg 1 57 32 31 31
0215_0027_0005_0069_0069.jpg 1 27 5 69 69
0216_0012_0022_0034_0034.jpg 1 12 22 34 34
0217_0022_0018_0045_0045.jpg 1 22 18 45 45
0218_0013_0046_0043_0043.jpg 1 13 46 43 43
0219_0009_0007_0069_0069.jpg 1 9 7 69 69
0220_0006_0027_0053_0053.jpg 1 6 27 53 53
0221_0026_0003_0066_0066.jpg 1 26 3 66 66
0222_0045_0046_0040_0040.jpg 1 45 46 40 40
0223_0017_0031_0064_0064.jpg 1 17 31 64 64
0224_0047_0013_0043_0043.jpg 1 47 13 43 43
0225_0039_0049_0032_0032.jpg 1 39 49 32 32
0226_0007_0011_0048_0048.jpg 1 7 11 48 48
0227_0011_0004_0061_0061.jpg 1 11 4 61 61
0228_0032_0031_0057_0057.jpg 1 32 31 57 57
0229_0007_0007_0046_0046.jpg 1 7 7 46 46
0230_0041_0033_0043_0043.jpg 1 41 33 43 43
0231_0010_0014_0062_0062.jpg 1 10 14 62 62
0232_0025_0022_0058_0058.jpg 1 25 22 58 58
0233_0021_0023_0038_0038.jpg 1 21 23 38 38
0234_0043_0036_0051_0051.jpg 1 43 36 51 51
0235_0040_0041_0043_0043.jpg 1 40 41 43 43
0236_0008_0010_0061_0061.jpg 1 8 10 61 61
0237_0008_0011_0031_0031.jpg 1 8 11 31 31
0238_0023_0028_0067_0067.jpg 1 23 28 67 67
0239_0022_0031_0037_0037.jpg 1 22 31 37 37
0240_0024_0011_0035_0035.jpg 1 24 11 35 35
0241_0032_0028_0027_0027.jpg 1 32 28 27 27
0242_0041_0019_0049_0049.jpg 1 41 19 49 49
0243_0049_0012_0044_0044.jpg 1 49 12 44 44
0244_0051_0038_0035_0035.jpg 1 51 38 35 35
0245_0032_0012_0053_0053.jpg 1 32 12 53 53
0246_0036_0029_0058_0058.jpg 1 36 29 58 58
0247_0041_0022_0024_0024.jpg 1 41 22 24 24
0248_0054_0007_0025_0025.jpg 1 54 7 25 25
0249_0040_0041_0052_0052.jpg 1 40 41 52 52
0250_0011_0008_0042_0042.jpg 1 11 8 42 42
0251_0006_0016_0037_0037.jpg 1 6 16 37 37
0252_0010_0038_0040_0040.jpg 1 10 38 40 40
0253_0016_0028_0063_0063.jpg 1 16 28 63 63
0254_0019_0021_0068_0068.jpg 1 19 21 68 68
0255_0014_0021_0043_0043.jpg 1 14 21 43 43
0256_0043_0049_0033_0033.jpg 1 43 49 33 33
0257_0052_0066_0024_0024.jpg 1 52 66 24 24
0258_0027_0033_0044_0044.jpg 1 27 33 44 44
0259_0038_0033_0057_0057.jpg 1 38 33 57 57
0260_0052_0048_0033_0033.jpg 1 52 48 33 33
0261_0040_0063_0025_0025.jpg 1 40 63 25 25
0262_0030_0021_0026_0026.jpg 1 30 21 26 26
0263_0020_0024_0055_0055.jpg 1 20 24 55 55
0264_0007_0056_0033_0033.jpg 1 7 56 33 33
0265_0044_0032_0046_0046.jpg 1 44 32 46 46
0266_0030_0041_0051_0051.jpg 1 30 41 51 51
0267_0011_0028_0048_0048.jpg 1 11 28 48 48
0268_0014_0018_0057_0057.jpg 1 14 18 57 57
0269_0035_0013_0058_0058.jpg 1 35 13 58 58
0270_0008_0025_0063_0063.jpg 1 8 25 63 63
0271_0022_0023_0052_0052.jpg 1 22 23 52 52
0272_0033_0054_0033_0033.jpg 1 33 54 33 33
0273_0015_0032_0056_0056.jpg 1 15 32 56 56
0274_0010_0025_0068_0068.jpg 1 10 25 68 68
0275_0026_0022_0065_0065.jpg 1 26 22 65 65
0276_0040_0041_0038_0038.jpg 1 40 41 38 38
0277_0022_0028_0068_0068.jpg 1 22 28 68 68
0278_0031_0020_0041_0041.jpg 1 31 20 41 41
0279_0020_0019_0053_0053.jpg 1 20 19 53 53
0280_0051_0021_0036_0036.jpg 1 51 21 36 36
0281_0044_0021_0035_0035.jpg 1 44 21 35 35
0282_0008_0009_0057_0057.jpg 1 8 9 57 57
0283_0013_0031_0031_0031.jpg 1 13 31 31 31
0284_0030_0026_0063_0063.jpg 1 30 26 63 63
0285_0054_0054_0026_0026.jpg 1 54 54 26 26
0286_0013_0025_0051_0051.jpg 1 13 25 51 51
0287_0007_0006_0064_0064.jpg 1 7 6 64 64
0288_0033_0057_0033_0033.jpg 1 33 57 33 33
0289_0015_0019_0068_0068.jpg 1 15 19 68 68
0290_0008_0018_0053_0053.jpg 1 8 18 53 53
0291_0010_0010_0063_0063.jpg 1 10 10 63 63
0292_0043_0059_0034_0034.jpg 1 43 59 34 34
0293_0034_0008_0032_0032.jpg 1 34 8 32 32
0294_0010_0029_0025_0025.jpg 1 10 29 25 25
0295_0013_0032_0044_0044.jpg 1 13 32 44 44
0296_0029_0019_0059_0059.jpg 1 29 19 59 59
0297_0018_0026_0067_0067.jpg 1 18 26 67 67
0298_0052_0049_0035_0035.jpg 1 52 49 35 35
0299_0043_0062_0028_0028.jpg 1 43 62 28 28
0300_0030_0034_0059_0059.jpg 1 30 34 59 59
0301_0050_0014_0041_0041.jpg 1 50 14 41 41
0302_0015_0018_0065_0065.jpg 1 15 18 65 65
0303_0024_0047_0040_0040.jpg 1 24 47 40 40
0304_0038_0025_0054_0054.jpg 1 38 25 54 54
0305_0029_0005_0054_0054.jpg 1 29 5 54 54
0306_0022_0008_0052_0052.jpg 1 22 8 52 52
0307_0031_0022_0029_0029.jpg 1 31 22 29 29
0308_0009_0043_0033_0033.jpg 1 9 43 33 33
0309_0038_0028_0026_0026.jpg 1 38 28 26 26
0310_0041_0022_0024_0024.jpg 1 41 22 24 24
0311_0012_0031_0044_0044.jpg 1 12 31 44 44
0312_0033_0039_0034_0034.jpg 1 33 39 34 34
0313_0045_0028_0025_0025.jpg 1 45 28 25 25
0314_0030_0026_0062_0062.jpg 1 30 26 62 62
0315_0023_0039_0027_0027.jpg 1 23 39 27 27
0316_0021_0024_0032_0032.jpg 1 21 24 32 32
0317_0028_0011_0063_0063.jpg 1 28 11 63 63
0318_0036_0017_0031_0031.jpg 1 36 17 31 31
0319_0014_0007_0059_0059.jpg 1 14 7 59 59
0320_0019_0018_0036_0036.jpg 1 19 18 36 36
0321_0005_0006_0069_0069.jpg 1 5 6 69 69
0322_0003_0026_0068_0068.jpg 1 3 26 68 68
0323_0016_0009_0049_0049.jpg 1 16 9 49 49
0324_0041_0025_0052_0052.jpg 1 41 25 52 52
0325_0011_0012_0043_0043.jpg 1 11 12 43 43
0326_0015_0028_0063_0063.jpg 1 15 28 63 63
0327_0040_0016_0045_0045.jpg 1 40 16 45 45
0328_0026_0012_0049_0049.jpg 1 26 12 49 49
0329_0016_0037_0049_0049.jpg 1 16 37 49 49
0330_0028_0016_0061_0061.jpg 1 28 16 61 61
0331_0011_0045_0040_0040.jpg 1 11 45 40 40
0332_0013_0021_0065_0065.jpg 1 13 21 65 65
0333_0038_0048_0035_0035.jpg 1 38 48 35 35
0334_0043_0047_0041_0041.jpg 1 43 47 41 41
0335_0017_0012_0061_0061.jpg 1 17 12 61 61
0336_0017_0012_0046_0046.jpg 1 17 12 46 46
0337_0026_0024_0055_0055.jpg 1 26 24 55 55
0338_0052_0026_0040_0040.jpg 1 52 26 40 40
0339_0025_0006_0064_0064.jpg 1 25 6 64 64
0340_0007_0024_0051_0051.jpg 1 7 24 51 51
0341_0012_0027_0051_0051.jpg 1 12 27 51 51
0342_0024_0009_0069_0069.jpg 1 24 9 69 69
0343_0007_0010_0065_0065.jpg 1 7 10 65 65
0344_0021_0046_0030_0030.jpg 1 21 46 30 30
0345_0044_0006_0043_0043.jpg 1 44 6 43 43
0346_0031_0007_0063_0063.jpg 1 31 7 63 63
0347_0060_0030_0025_0025.jpg 1 60 30 25 25
0348_0056_0049_0028_0028.jpg 1 56 49 28 28
0349_0027_0013_0054_0054.jpg 1 27 13 54 54
0350_0020_0017_0062_0062.jpg 1 20 17 62 62
0351_0015_0048_0039_0039.jpg 1 15 48 39 39
0352_0041_0050_0035_0035.jpg 1 41 50 35 35
0353_0017_0007_0062_0062.jpg 1 17 7 62 62
0354_0010_0010_0024_0024.jpg 1 10 10 24 24
0355_0014_0020_0063_0063.jpg 1 14 20 63 63
0356_0020_0026_0048_0048.jpg 1 20 26 48 48
0357_0037_0010_0033_0033.jpg 1 37 10 33 33
0358_0008_0063_0025_0025.jpg 1 8 63 25 25
0359_0033_0049_0030_0030.jpg 1 33 49 30 30
0360_0021_0010_0062_0062.jpg 1 21 10 62 62
0361_0053_0030_0030_0030.jpg 1 53 30 30 30
0362_0017_0016_0048_0048.jpg 1 17 16 48 48
0363_0039_0034_0042_0042.jpg 1 39 34 42 42
0364_0026_0042_0044_0044.jpg 1 26 42 44 44
0365_0048_0053_0040_0040.jpg 1 48 53 40 40
0366_0029_0015_0066_0066.jpg 1 29 15 66 66
0367_0056_0031_0027_0027.jpg 1 56 31 27 27
0368_0007_0011_0042_0042.jpg 1 7 11 42 42
0369_0030_0004_0057_0057.jpg 1 30 4 57 57
0370_0034_0025_0035_0035.jpg 1 34 25 35 35
0371_0026_0010_0066_0066.jpg 1 26 10 66 66
0372_0017_0010_0041_0041.jpg 1 17 10 41 41
0373_0030_0063_0027_0027.jpg 1 30 63 27 27
0374_0041_0018_0037_0037.jpg 1 41 18 37 37
0375_0021_0005_0059_0059.jpg 1 21 5 59 59
0376_0032_0013_0062_0062.jpg 1 32 13 62 62
0377_0025_0005_0069_0069.jpg 1 25 5 69 69
0378_0017_0052_0034_0034.jpg 1 17 52 34 34
0379_0027_0029_0052_0052.jpg 1 27 29 52 52
0380_0011_0040_0027_0027.jpg 1 11 40 27 27
0381_0027_0017_0068_0068.jpg 1 27 17 68 68
0382_0037_0022_0049_0049.jpg 1 37 22 49 49
0383_0059_0023_0027_0027.jpg 1 59 23 27 27
0384_0021_0016_0046_0046.jpg 1 21 16 46 46
0385_0010_0045_0042_0042.jpg 1 10 45 42 42
0386_0028_0039_0024_0024.jpg 1 28 39 24 24
0387_0007_0017_0068_0068.jpg 1 7 17 68 68
0388_0039_0021_0046_0046.jpg 1 39 21 46 46
0389_0021_0007_0068_0068.jpg 1 21 7 68 68
0390_0045_0063_0024_0024.jpg 1 45 63 24 24
0391_0011_0051_0041_0041.jpg 1 11 51 41 41
0392_0022_0013_0041_0041.jpg 1 22 13 41 41
0393_0028_0008_0048_0048.jpg 1 28 8 48 48
0394_0020_0021_0068_0068.jpg 1 20 21 68 68
0395_0016_0015_0044_0044.jpg 1 16 15 44 44
0396_0040_0031_0049_0049.jpg 1 40 31 49 49
0397_0016_0037_0042_0042.jpg 1 16 37 42 42
0398_0044_0023_0031_0031.jpg 1 44 23 31 31
0399_0014_0061_0024_0024.jpg 1 14 61 24 24
0400_0042_0020_0049_0049.jpg 1 42 20 49 49
0401_0046_0026_0025_0025.jpg 1 46 26 25 25
0402_0018_0008_0066_0066.jpg 1 18 8 66 66
0403_0019_0038_0036_0036.jpg 1 19 38 36 36
0404_0057_0021_0032_0032.jpg 1 57 21 32 32
0405_0014_0027_0049_0049.jpg 1 14 27 49 49
0406_0031_0038_0057_0057.jpg 1 31 38 57 57
0407_0058_0013_0028_0028.jpg 1 58 13 28 28
0408_0050_0021_0043_0043.jpg 1 50 21 43 43
0409_0005_0020_0044_0044.jpg 1 5 20 44 44
0410_0036_0019_0045_0045.jpg 1 36 19 45 45
0411_0026_0044_0040_0040.jpg 1 26 44 40 40
0412_0055_0036_0038_0038.jpg 1 55 36 38 38
0413_0034_0045_0040_0040.jpg 1 34 45 40 40
0414_0033_0014_0047_0047.jpg 1 33 14 47 47
0415_0044_0015_0036_0036.jpg 1 44 15 36 36
0416_0042_0029_0048_0048.jpg 1 42 29 48 48
0417_0038_0029_0034_0034.jpg 1 38 29 34 34
0418_0042_0034_0043_0043.jpg 1 42 34 43 43
0419_0035_0017_0059_0059.jpg 1 35 17 59 59
0420_0006_0021_0059_0059.jpg 1 6 21 59 59
0421_0008_0033_0046_0046.jpg 1 8 33 46 46
0422_0034_0017_0030_0030.jpg 1 34 17 30 30
0423_0042_0032_0051_0051.jpg 1 42 32 51 51
0424_0010_0005_0068_0068.jpg 1 10 5 68 68
0425_0050_0011_0029_0029.jpg 1 50 11 29 29
0426_0006_0006_0067_0067.jpg 1 6 6 67 67
0427_0009_0012_0045_0045.jpg 1 9 12 45 45
0428_0008_0012_0060_0060.jpg 1 8 12 60 60
0429_0013_0038_0051_0051.jpg 1 13 38 51 51
0430_0014_0046_0042_0042.jpg 1 14 46 42 42
0431_0030_0023_0045_0045.jpg 1 30 23 45 45
0432_0027_0015_0031_0031.jpg 1 27 15 31 31
0433_0036_0037_0057_0057.jpg 1 36 37 57 57
0434_0055_0009_0034_0034.jpg 1 55 9 34 34
0435_0044_0048_0046_0046.jpg 1 44 48 46 46
0436_0040_0022_0034_0034.jpg 1 40 22 34 34
0437_0021_0013_0063_0063.jpg 1 21 13 63 63
0438_0044_0040_0050_0050.jpg 1 44 40 50 50
0439_0013_0027_0064_0064.jpg 1 13 27 64 64
0440_0027_0011_0052_0052.jpg 1 27 11 52 52
0441_0011_0008_0039_0039.jpg 1 11 8 39 39
0442_0008_0024_0050_0050.jpg 1 8 24 50 50
0443_0006_0020_0068_0068.jpg 1 6 20 68 68
0444_0009_0017_0061_0061.jpg 1 9 17 61 61
0445_0029_0020_0063_0063.jpg 1 29 20 63 63
0446_0023_0038_0027_0027.jpg 1 23 38 27 27
0447_0048_0056_0024_0024.jpg 1 48 56 24 24
0448_0021_0057_0035_0035.jpg 1 21 57 35 35
0449_0009_0026_0049_0049.jpg 1 9 26 49 49
0450_0040_0046_0025_0025.jpg 1 40 46 25 25
0451_0010_0033_0049_0049.jpg 1 10 33 49 49
0452_0039_0024_0051_0051.jpg 1 39 24 51 51
0453_0048_0029_0026_0026.jpg 1 48 29 26 26
0454_0012_0020_0027_0027.jpg 1 12 20 27 27
0455_0030_0026_0036_0036.jpg 1 30 26 36 36
0456_0045_0026_0047_0047.jpg 1 45 26 47 47
0457_0021_0057_0035_0035.jpg 1 21 57 35 35
0458_0037_0009_0057_0057.jpg 1 37 9 57 57
0459_0019_0016_0062_0062.jpg 1 19 16 62 62
0460_0009_0028_0065_0065.jpg 1 9 28 65 65
0461_0023_0026_0031_0031.jpg 1 23 26 31 31
0462_0011_0029_0066_0066.jpg 1 11 29 66 66
0463_0030_0027_0029_0029.jpg 1 30 27 29 29
0464_0042_0036_0035_0035.jpg 1 42 36 35 35
0465_0035_0008_0026_0026.jpg 1 35 8 26 26
0466_0044_0010_0030_0030.jpg 1 44 10 30 30
0467_0035_0019_0056_0056.jpg 1 35 19 56 56
0468_0031_0044_0044_0044.jpg 1 31 44 44 44
0469_0038_0017_0056_0056.jpg 1 38 17 56 56
0470_0019_0044_0045_0045.jpg 1 19 44 45 45
0471_0041_0024_0042_0042.jpg 1 41 24 42 42
0472_0020_0032_0055_0055.jpg 1 20 32 55 55
0473_0007_0016_0066_0066.jpg 1 7 16 66 66
0474_0005_0008_0058_0058.jpg 1 5 8 58 58
0475_0053_0006_0036_0036.jpg 1 53 6 36 36
0476_0038_0026_0051_0051.jpg 1 38 26 51 51
0477_0019_0008_0051_0051.jpg 1 19 8 51 51
0478_0006_0014_0063_0063.jpg 1 6 14 63 63
0479_0019_0036_0055_0055.jpg 1 19 36 55 55
0480_0011_0031_0046_0046.jpg 1 11 31 46 46
0481_0032_0014_0031_0031.jpg 1 32 14 31 31
0482_0031_0016_0059_0059.jpg 1 31 16 59 59
0483_0018_0017_0056_0056.jpg 1 18 17 56 56
0484_0040_0035_0038_0038.jpg 1 40 35 38 38
0485_0021_0053_0037_0037.jpg 1 21 53 37 37
0486_0030_0023_0063_0063.jpg 1 30 23 63 63
0487_0012_0039_0053_0053.jpg 1 12 39 53 53
0488_0016_0003_0066_0066.jpg 1 16 3 66 66
0489_0031_0042_0029_0029.jpg 1 31 42 29 29
0490_0008_0031_0030_0030.jpg 1 8 31 30 30
0491_0011_0012_0056_0056.jpg 1 11 12 56 56
0492_0013_0033_0047_0047.jpg 1 13 33 47 47
0493_0010_0028_0037_0037.jpg 1 10 28 37 37
0494_0010_0030_0057_0057.jpg 1 10 30 57 57
0495_0009_0022_0050_0050.jpg 1 9 22 50 50
0496_0015_0040_0035_0035.jpg 1 15 40 35 35
0497_0035_0010_0055_0055.jpg 1 35 10 55 55
0498_0023_0027_0067_0067.jpg 1 23 27 67 67
0499_0031_0026_0046_0046.jpg 1 31 26 46 46
0500_0006_0041_0047_0047.jpg 1 6 41 47 47
0501_0030_0008_0065_0065.jpg 1 30 8 65 65
0502_0029_0024_0063_0063.jpg 1 29 24 63 63
0503_0016_0053_0025_0025.jpg 1 16 53 25 25
0504_0007_0016_0064_0064.jpg 1 7 16 64 64
0505_0019_0006_0040_0040.jpg 1 19 6 40 40
0506_0041_0043_0051_0051.jpg 1 41 43 51 51
0507_0024_0038_0025_0025.jpg 1 24 38 25 25
0508_0022_0007_0057_0057.jpg 1 22 7 57 57
0509_0027_0029_0063_0063.jpg 1 27 29 63 63
0510_0045_0039_0049_0049.jpg 1 45 39 49 49
0511_0011_0014_0047_0047.jpg 1 11 14 47 47
0512_0036_0042_0051_0051.jpg 1 36 42 51 51
0513_0049_0044_0041_0041.jpg 1 49 44 41 41
0514_0014_0010_0024_0024.jpg 1 14 10 24 24
0515_0035_0050_0029_0029.jpg 1 35 50 29 29
0516_0020_0016_0057_0057.jpg 1 20 16 57 57
0517_0043_0055_0033_0033.jpg 1 43 55 33 33
0518_0054_0023_0028_0028.jpg 1 54 23 28 28
0519_0027_0048_0039_0039.jpg 1 27 48 39 39
0520_0024_0005_0061_0061.jpg 1 24 5 61 61
0521_0011_0028_0044_0044.jpg 1 11 28 44 44
0522_0008_0050_0034_0034.jpg 1 8 50 34 34
0523_0047_0060_0030_0030.jpg 1 47 60 30 30
0524_0034_0034_0052_0052.jpg 1 34 34 52 52
0525_0014_0024_0029_0029.jpg 1 14 24 29 29
0526_0025_0003_0065_0065.jpg 1 25 3 65 65
0527_0037_0020_0042_0042.jpg 1 37 20 42 42
0528_0027_0006_0062_0062.jpg 1 27 6 62 62
0529_0017_0020_0035_0035.jpg 1 17 20 35 35
0530_0031_0021_0050_0050.jpg 1 31 21 50 50
0531_0029_0024_0047_0047.jpg 1 29 24 47 47
0532_0050_0050_0037_0037.jpg 1 50 50 37 37
0533_0021_0007_0069_0069.jpg 1 21 7 69 69
0534_0047_0029_0031_0031.jpg 1 47 29 31 31
0535_0038_0045_0047_0047.jpg 1 38 45 47 47
0536_0009_0017_0068_0068.jpg 1 9 17 68 68
0537_0016_0008_0045_0045.jpg 1 16 8 45 45
0538_0008_0017_0064_0064.jpg 1 8 17 64 64
0539_0009_0009_0057_0057.jpg 1 9 9 57 57
0540_0031_0036_0049_0049.jpg 1 31 36 49 49
0541_0041_0032_0026_0026.jpg 1 41 32 26 26
0542_0038_0051_0033_0033.jpg 1 38 51 33 33
0543_0034_0023_0040_0040.jpg 1 34 23 40 40
0544_0039_0006_0054_0054.jpg 1 39 6 54 54
0545_0016_0018_0033_0033.jpg 1 16 18 33 33
0546_0032_0011_0047_0047.jpg 1 32 11 47 47
0547_0038_0020_0053_0053.jpg 1 38 20 53 53
0548_0056_0027_0032_0032.jpg 1 56 27 32 32
0549_0006_0024_0060_0060.jpg 1 6 24 60 60
0550_0015_0011_0054_0054.jpg 1 15 11 54 54
0551_0027_0025_0068_0068.jpg 1 27 25 68 68
0552_0021_0006_0033_0033.jpg 1 21 6 33 33
0553_0017_0032_0033_0033.jpg 1 17 32 33 33
0554_0042_0041_0047_0047.jpg 1 42 41 47 47
0555_0009_0028_0035_0035.jpg 1 9 28 35 35
0556_0016_0031_0054_0054.jpg 1 16 31 54 54
0557_0019_0027_0066_0066.jpg 1 19 27 66 66
0558_0041_0018_0052_0052.jpg 1 41 18 52 52
0559_0051_0044_0035_0035.jpg 1 51 44 35 35
0560_0011_0005_0060_0060.jpg 1 11 5 60 60
0561_0016_0031_0055_0055.jpg 1 16 31 55 55
0562_0026_0033_0054_0054.jpg 1 26 33 54 54
0563_0027_0034_0037_0037.jpg 1 27 34 37 37
0564_0005_0026_0058_0058.jpg 1 5 26 58 58
0565_0007_0010_0065_0065.jpg 1 7 10 65 65
0566_0024_0050_0029_0029.jpg 1 24 50 29 29
0567_0027_0012_0065_0065.jpg 1 27 12 65 65
0568_0037_0058_0026_0026.jpg 1 37 58 26 26
0569_0054_0046_0026_0026.jpg 1 54 46 26 26
0570_0026_0039_0054_0054.jpg 1 26 39 54 54
0571_0048_0052_0038_0038.jpg 1 48 52 38 38
0572_0019_0038_0054_0054.jpg 1 19 38 54 54
0573_0018_0027_0033_0033.jpg 1 18 27 33 33
0574_0024_0006_0048_0048.jpg 1 24 6 48 48
0575_0044_0023_0041_0041.jpg 1 44 23 41 41
0576_0014_0028_0066_0066.jpg 1 14 28 66 66
0577_0019_0046_0028_0028.jpg 1 19 46 28 28
0578_0044_0029_0047_0047.jpg 1 44 29 47 47
0579_0017_0005_0067_0067.jpg 1 17 5 67 67
0580_0026_0033_0042_0042.jpg 1 26 33 42 42
0581_0044_0051_0038_0038.jpg 1 44 51 38 38
0582_0024_0010_0067_0067.jpg 1 24 10 67 67
0583_0005_0020_0061_0061.jpg 1 5 20 61 61
0584_0024_0007_0038_0038.jpg 1 24 7 38 38
0585_0008_0029_0058_0058.jpg 1 8 29 58 58
0586_0030_0048_0028_0028.jpg 1 30 48 28 28
0587_0039_0017_0047_0047.jpg 1 39 17 47 47
0588_0013_0016_0063_0063.jpg 1 13 16 63 63
0589_0025_0008_0065_0065.jpg 1 25 8 65 65
0590_0036_0035_0039_0039.jpg 1 36 35 39 39
0591_0015_0034_0058_0058.jpg 1 15 34 58 58
0592_0024_0003_0065_0065.jpg 1 24 3 65 65
0593_0019_0028_0038_0038.jpg 1 19 28 38 38
0594_0040_0018_0026_0026.jpg 1 40 18 26 26
0595_0031_0021_0049_0049.jpg 1 31 21 49 49
0596_0051_0034_0031_0031.jpg 1 51 34 31 31
0597_0015_0041_0032_0032.jpg 1 15 41 32 32
0598_0017_0013_0063_0063.jpg 1 17 13 63 63
0599_0021_0011_0068_0068.jpg 1 21 11 68 68
0600_0012_0041_0052_0052.jpg 1 12 41 52 52
